(base) tuna@kjp211fc:~$ ls
anaconda3  conda  git-directory-download  Seminar_Task  testfile  testfolder  UNETR
(base) tuna@kjp211fc:~$ ls -l
total 24
drwxr-xr-x 28 tuna nogroup 4096 May 27 23:34 anaconda3
drwxr-xr-x  2 tuna nogroup 4096 May 20 22:05 conda
drwxr-xr-x  3 tuna nogroup 4096 May 25 23:36 git-directory-download
drwxr-xr-x  4 tuna nogroup 4096 Jun 25 21:05 Seminar_Task
-rw-r--r--  1 tuna nogroup    0 Jul 19 23:20 testfile
drwxr-xr-x  2 tuna nogroup 4096 Jul 19 23:21 testfolder
drwxr-xr-x  7 tuna nogroup 4096 Aug 13 15:31 UNETR
(base) tuna@kjp211fc:~$ :
(base) tuna@kjp211fc:~$ ls
anaconda3  conda  filename.txt  git-directory-download  Seminar_Task  testfile  testfolder  UNETR
(base) tuna@kjp211fc:~$ cd UNETR/
(base) tuna@kjp211fc:~/UNETR$ python train.py
MONAI version: 1.2.dev2321
Numpy version: 1.24.3
Pytorch version: 1.9.1
MONAI flags: HAS_EXT = False, USE_COMPILED = False, USE_META_DICT = False
MONAI rev id: c1ea24210a470b43332534046fa531efd84d9df1
MONAI __file__: /home/tuna/anaconda3/lib/python3.9/site-packages/monai/__init__.py

Optional dependencies:
Pytorch Ignite version: 0.4.11
ITK version: 5.3.0
Nibabel version: 5.1.0
scikit-image version: 0.21.0
Pillow version: 9.5.0
Tensorboard version: 2.13.0
gdown version: 4.7.1
TorchVision version: 0.10.1
tqdm version: 4.59.0
lmdb version: 1.4.1
psutil version: 5.9.0
pandas version: 2.0.2
einops version: 0.3.0
transformers version: 4.21.3
mlflow version: 2.3.2
pynrrd version: 1.0.0

For details about installing the optional dependencies, please visit:
    https://docs.monai.io/en/latest/installation.html#installing-the-recommended-dependencies

monai_data
monai.transforms.io.dictionary LoadImaged.__init__:image_only: Current default value of argument `image_only=Fal
se` has been deprecated since version 1.1. It will be changed to `image_only=True` in version 1.3.
<monai.transforms.compose.Compose object at 0x7f4dbf188d60>
Loading dataset: 100%|██████████████████████████████████████████████████████████| 24/24 [00:11<00:00,  2.16it/s]
Loading dataset: 100%|████████████████████████████████████████████████████████████| 6/6 [00:03<00:00,  1.72it/s]
cuda
Training (7 / 25000 Steps) (loss=4.67043):  10%|███▏                             | 8/82 [00:17<01:26,  1.17s/it]
Training (8 / 25000 Steps) (loss=4.62285):  11%|███▌                             | 9/82 [00:18<01:19,  1.09s/it]
Training (9 / 25000 Steps) (loss=4.63633):  12%|███▉                            | 10/82 [00:19<01:14,  1.03s/it]
Training (81 / 25000 Steps) (loss=4.00388): 100%|███████████████████████████████| 82/82 [01:25<00:00,  1.05s/it]
Training (163 / 25000 Steps) (loss=3.84392): 100%|██████████████████████████████| 82/82 [01:19<00:00,  1.03it/s]
Training (245 / 25000 Steps) (loss=3.69533): 100%|██████████████████████████████| 82/82 [01:20<00:00,  1.02it/s]
Training (327 / 25000 Steps) (loss=3.55694): 100%|██████████████████████████████| 82/82 [01:20<00:00,  1.02it/s]
Training (359 / 25000 Steps) (loss=3.45764):  39%|███████████▋                  | 32/82 [00:31<00:47,  1.06it/s]
Training (361 / 25000 Steps) (loss=3.44432):  41%|████████████▍                 | 34/82 [00:33<00:45,  1.06it/s]
Training (362 / 25000 Steps) (loss=3.44849):  43%|████████████▊                 | 35/82 [00:34<00:44,  1.05it/s]
Training (409 / 25000 Steps) (loss=3.37049): 100%|██████████████████████████████| 82/82 [01:19<00:00,  1.04it/s]
Training (491 / 25000 Steps) (loss=3.25950): 100%|██████████████████████████████| 82/82 [01:20<00:00,  1.01it/s]
Validate (492 / 10 Steps): 100%|████████████████████████████████████████████████| 20/20 [00:21<00:00,  1.10s/it]
tensor([0.9942, 0.0000, 0.0000, 0.0000, 0.0000, 0.0000, 0.0000, 0.0000, 0.0000,█| 20/20 [00:21<00:00,  1.04s/it]
        0.0000, 0.0000, 0.0000, 0.0041, 0.0000, 0.0000, 0.0000, 0.0000, 0.0000,
        0.0000, 0.0055, 0.0000, 0.0016, 0.0161, 0.0000, 0.0000, 0.0000, 0.0000,
        0.0000, 0.0000, 0.0000, 0.0000, 0.0000, 0.0000, 0.0000, 0.0000, 0.0000,
        0.0000, 0.0000, 0.0000, 0.0000, 0.0000, 0.0000, 0.0000, 0.0027, 0.0000,
        0.0000], device='cuda:0')
Model Was Saved ! Current Best Avg. Dice: 0.024680787697434425 Current Avg. Dice: 0.024680787697434425
Training (573 / 25000 Steps) (loss=3.09408): 100%|██████████████████████████████| 82/82 [01:43<00:00,  1.26s/it]
Training (655 / 25000 Steps) (loss=2.99458): 100%|██████████████████████████████| 82/82 [01:21<00:00,  1.01it/s]
Training (737 / 25000 Steps) (loss=2.81147): 100%|██████████████████████████████| 82/82 [01:20<00:00,  1.02it/s]
Training (819 / 25000 Steps) (loss=2.76215): 100%|██████████████████████████████| 82/82 [01:20<00:00,  1.02it/s]
Training (901 / 25000 Steps) (loss=2.56071): 100%|██████████████████████████████| 82/82 [01:20<00:00,  1.02it/s]
Training (983 / 25000 Steps) (loss=2.46356): 100%|██████████████████████████████| 82/82 [01:20<00:00,  1.02it/s]
Validate (984 / 10 Steps): 100%|████████████████████████████████████████████████| 20/20 [00:21<00:00,  1.06s/it]
tensor([0.9955, 0.0000, 0.0000, 0.0000, 0.3285, 0.0000, 0.0000, 0.0000, 0.0000,█| 20/20 [00:21<00:00,  1.03s/it]
        0.0000, 0.0000, 0.0000, 0.0091, 0.0000, 0.0000, 0.0000, 0.0000, 0.0000,
        0.0000, 0.0000, 0.0000, 0.0000, 0.0507, 0.0000, 0.0000, 0.0000, 0.0000,
        0.0000, 0.0000, 0.0000, 0.0000, 0.0000, 0.0000, 0.0000, 0.0000, 0.0000,
        0.0000, 0.0000, 0.0000, 0.0000, 0.0000, 0.0000, 0.0000, 0.0147, 0.0000,
        0.0000], device='cuda:0')
Model Was Saved ! Current Best Avg. Dice: 0.0337035171687603 Current Avg. Dice: 0.0337035171687603
Training (1065 / 25000 Steps) (loss=2.29951): 100%|█████████████████████████████| 82/82 [01:43<00:00,  1.26s/it]
Training (1147 / 25000 Steps) (loss=2.16613): 100%|█████████████████████████████| 82/82 [01:20<00:00,  1.02it/s]
Training (1229 / 25000 Steps) (loss=2.11330): 100%|█████████████████████████████| 82/82 [01:20<00:00,  1.01it/s]
Training (1311 / 25000 Steps) (loss=2.05600): 100%|█████████████████████████████| 82/82 [01:19<00:00,  1.03it/s]
Training (1393 / 25000 Steps) (loss=1.92412): 100%|█████████████████████████████| 82/82 [01:20<00:00,  1.02it/s]
Training (1475 / 25000 Steps) (loss=1.79857): 100%|█████████████████████████████| 82/82 [01:20<00:00,  1.02it/s]
Validate (1476 / 10 Steps): 100%|███████████████████████████████████████████████| 20/20 [00:21<00:00,  1.08s/it]
tensor([0.9967, 0.3708, 0.0000, 0.0000, 0.5743, 0.1888, 0.0000, 0.0000, 0.0000,█| 20/20 [00:21<00:00,  1.04s/it]
        0.0000, 0.0000, 0.2511, 0.0029, 0.0000, 0.0000, 0.0000, 0.0000, 0.0000,
        0.0000, 0.0000, 0.0000, 0.0000, 0.3790, 0.0000, 0.0000, 0.0000, 0.0000,
        0.0000, 0.0010, 0.0000, 0.0000, 0.0000, 0.0000, 0.0000, 0.0000, 0.0000,
        0.0000, 0.0000, 0.0000, 0.0000, 0.0000, 0.0000, 0.0000, 0.0000, 0.0000,
        0.0000], device='cuda:0')
Model Was Saved ! Current Best Avg. Dice: 0.06663495302200317 Current Avg. Dice: 0.06663495302200317
Training (1557 / 25000 Steps) (loss=1.70190): 100%|█████████████████████████████| 82/82 [01:43<00:00,  1.26s/it]
Training (1639 / 25000 Steps) (loss=1.63661): 100%|█████████████████████████████| 82/82 [01:19<00:00,  1.03it/s]
Training (1721 / 25000 Steps) (loss=1.58029): 100%|█████████████████████████████| 82/82 [01:20<00:00,  1.02it/s]
Training (1803 / 25000 Steps) (loss=1.50382): 100%|█████████████████████████████| 82/82 [01:21<00:00,  1.01it/s]
Training (1885 / 25000 Steps) (loss=1.45592): 100%|█████████████████████████████| 82/82 [01:19<00:00,  1.03it/s]
Training (1967 / 25000 Steps) (loss=1.38992): 100%|█████████████████████████████| 82/82 [01:20<00:00,  1.01it/s]
Validate (1968 / 10 Steps): 100%|███████████████████████████████████████████████| 20/20 [00:21<00:00,  1.06s/it]
tensor([0.9973, 0.3461, 0.0000, 0.0000, 0.5348, 0.0314, 0.0000, 0.0000, 0.0000,█| 20/20 [00:21<00:00,  1.04s/it]
        0.0000, 0.0000, 0.6561, 0.0000, 0.0000, 0.0000, 0.0000, 0.0000, 0.0000,
        0.0000, 0.0015, 0.0000, 0.0936, 0.2059, 0.2117, 0.0000, 0.0000, 0.0000,
        0.0000, 0.0000, 0.0000, 0.0000, 0.0000, 0.0000, 0.0000, 0.0000, 0.0000,
        0.0000, 0.0000, 0.0000, 0.0000, 0.0000, 0.0000, 0.0000, 0.0000, 0.0000,
        0.0000], device='cuda:0')
Model Was Saved ! Current Best Avg. Dice: 0.0741705670952797 Current Avg. Dice: 0.0741705670952797
Training (2049 / 25000 Steps) (loss=1.35896): 100%|█████████████████████████████| 82/82 [01:43<00:00,  1.27s/it]
Training (2131 / 25000 Steps) (loss=1.32897): 100%|█████████████████████████████| 82/82 [01:20<00:00,  1.02it/s]
Training (2213 / 25000 Steps) (loss=1.28602): 100%|█████████████████████████████| 82/82 [01:21<00:00,  1.01it/s]
Training (2295 / 25000 Steps) (loss=1.26853): 100%|█████████████████████████████| 82/82 [01:21<00:00,  1.01it/s]
Training (2377 / 25000 Steps) (loss=1.25478): 100%|█████████████████████████████| 82/82 [01:19<00:00,  1.04it/s]
Training (2459 / 25000 Steps) (loss=1.19877): 100%|█████████████████████████████| 82/82 [01:20<00:00,  1.02it/s]
Validate (2460 / 10 Steps): 100%|███████████████████████████████████████████████| 20/20 [00:21<00:00,  1.06s/it]
tensor([0.9974, 0.7366, 0.0000, 0.0850, 0.7473, 0.1046, 0.0000, 0.0000, 0.0000,█| 20/20 [00:21<00:00,  1.03s/it]
        0.0000, 0.0000, 0.7931, 0.0000, 0.0000, 0.0380, 0.0000, 0.0000, 0.0000,
        0.0000, 0.7009, 0.0000, 0.4998, 0.7294, 0.6622, 0.0000, 0.0000, 0.0000,
        0.0000, 0.0000, 0.0000, 0.0000, 0.0000, 0.0000, 0.0000, 0.0000, 0.0000,
        0.0000, 0.0000, 0.0000, 0.0000, 0.0000, 0.0000, 0.0000, 0.0000, 0.0000,
        0.0000], device='cuda:0')
Model Was Saved ! Current Best Avg. Dice: 0.14687292277812958 Current Avg. Dice: 0.14687292277812958
Training (2541 / 25000 Steps) (loss=1.17766): 100%|█████████████████████████████| 82/82 [01:42<00:00,  1.25s/it]
Training (2623 / 25000 Steps) (loss=1.14717): 100%|█████████████████████████████| 82/82 [01:20<00:00,  1.02it/s]
Training (2705 / 25000 Steps) (loss=1.12885): 100%|█████████████████████████████| 82/82 [01:21<00:00,  1.01it/s]
Training (2787 / 25000 Steps) (loss=1.10069): 100%|█████████████████████████████| 82/82 [01:20<00:00,  1.02it/s]
Training (2869 / 25000 Steps) (loss=1.10807): 100%|█████████████████████████████| 82/82 [01:21<00:00,  1.01it/s]
Training (2951 / 25000 Steps) (loss=1.09198): 100%|█████████████████████████████| 82/82 [01:20<00:00,  1.02it/s]
Validate (2952 / 10 Steps): 100%|███████████████████████████████████████████████| 20/20 [00:21<00:00,  1.06s/it]
tensor([0.9977, 0.7720, 0.0000, 0.6849, 0.7784, 0.7790, 0.0000, 0.0000, 0.0000,█| 20/20 [00:21<00:00,  1.03s/it]
        0.0000, 0.0119, 0.8536, 0.0000, 0.0000, 0.0022, 0.0000, 0.0000, 0.0000,
        0.0000, 0.7261, 0.0000, 0.6966, 0.7915, 0.8003, 0.0000, 0.0000, 0.0000,
        0.0000, 0.0000, 0.0000, 0.5196, 0.0000, 0.0000, 0.0000, 0.0000, 0.0000,
        0.0000, 0.0000, 0.0000, 0.0000, 0.0000, 0.0000, 0.0000, 0.0000, 0.0000,
        0.0000], device='cuda:0')
Model Was Saved ! Current Best Avg. Dice: 0.20276334881782532 Current Avg. Dice: 0.20276334881782532
Training (3033 / 25000 Steps) (loss=1.10409): 100%|█████████████████████████████| 82/82 [01:43<00:00,  1.27s/it]
Training (3115 / 25000 Steps) (loss=1.04812): 100%|█████████████████████████████| 82/82 [01:21<00:00,  1.01it/s]
Training (3197 / 25000 Steps) (loss=1.05825): 100%|█████████████████████████████| 82/82 [01:20<00:00,  1.02it/s]
Training (3279 / 25000 Steps) (loss=1.01574): 100%|█████████████████████████████| 82/82 [01:20<00:00,  1.02it/s]
Training (3361 / 25000 Steps) (loss=1.02783): 100%|█████████████████████████████| 82/82 [01:21<00:00,  1.01it/s]
Training (3443 / 25000 Steps) (loss=0.99684): 100%|█████████████████████████████| 82/82 [01:19<00:00,  1.03it/s]
Validate (3444 / 10 Steps): 100%|███████████████████████████████████████████████| 20/20 [00:21<00:00,  1.06s/it]
tensor([9.9798e-01, 7.9099e-01, 0.0000e+00, 7.2846e-01, 8.1748e-01, 8.2207e-01,█| 20/20 [00:21<00:00,  1.04s/it]
        0.0000e+00, 0.0000e+00, 0.0000e+00, 0.0000e+00, 5.6648e-01, 8.6356e-01,
        0.0000e+00, 0.0000e+00, 0.0000e+00, 0.0000e+00, 0.0000e+00, 0.0000e+00,
        0.0000e+00, 6.7985e-01, 0.0000e+00, 7.0677e-01, 8.2044e-01, 8.2741e-01,
        6.6864e-04, 2.8421e-03, 0.0000e+00, 0.0000e+00, 0.0000e+00, 0.0000e+00,
        6.3839e-01, 0.0000e+00, 0.0000e+00, 0.0000e+00, 0.0000e+00, 0.0000e+00,
        0.0000e+00, 0.0000e+00, 0.0000e+00, 0.0000e+00, 0.0000e+00, 0.0000e+00,
        0.0000e+00, 0.0000e+00, 0.0000e+00, 0.0000e+00], device='cuda:0')
Model Was Saved ! Current Best Avg. Dice: 0.22325174510478973 Current Avg. Dice: 0.22325174510478973
Training (3525 / 25000 Steps) (loss=1.02136): 100%|█████████████████████████████| 82/82 [01:43<00:00,  1.26s/it]
Training (3607 / 25000 Steps) (loss=0.98429): 100%|█████████████████████████████| 82/82 [01:21<00:00,  1.01it/s]
Training (3689 / 25000 Steps) (loss=1.07613): 100%|█████████████████████████████| 82/82 [01:21<00:00,  1.01it/s]
Training (3771 / 25000 Steps) (loss=0.96977): 100%|█████████████████████████████| 82/82 [01:21<00:00,  1.01it/s]
Training (3853 / 25000 Steps) (loss=0.95927): 100%|█████████████████████████████| 82/82 [01:20<00:00,  1.02it/s]
Training (3935 / 25000 Steps) (loss=0.97357): 100%|█████████████████████████████| 82/82 [01:20<00:00,  1.02it/s]
Validate (3936 / 10 Steps): 100%|███████████████████████████████████████████████| 20/20 [00:21<00:00,  1.07s/it]
tensor([0.9983, 0.8367, 0.0000, 0.7557, 0.8307, 0.8219, 0.0000, 0.1332, 0.0000,█| 20/20 [00:21<00:00,  1.03s/it]
        0.1257, 0.6492, 0.8818, 0.1657, 0.0000, 0.0000, 0.0000, 0.0000, 0.0000,
        0.0000, 0.8353, 0.0000, 0.7642, 0.8410, 0.8258, 0.7735, 0.4234, 0.0000,
        0.5732, 0.0000, 0.0000, 0.6164, 0.0000, 0.0000, 0.0000, 0.0000, 0.0000,
        0.0000, 0.0000, 0.0000, 0.0000, 0.0000, 0.0000, 0.0000, 0.0000, 0.0000,
        0.0000], device='cuda:0')
Model Was Saved ! Current Best Avg. Dice: 0.2856230139732361 Current Avg. Dice: 0.2856230139732361
Training (4017 / 25000 Steps) (loss=0.93296): 100%|█████████████████████████████| 82/82 [01:43<00:00,  1.26s/it]
Training (4099 / 25000 Steps) (loss=0.95426): 100%|█████████████████████████████| 82/82 [01:21<00:00,  1.01it/s]
Training (4181 / 25000 Steps) (loss=0.95066): 100%|█████████████████████████████| 82/82 [01:20<00:00,  1.02it/s]
Training (4263 / 25000 Steps) (loss=0.93100): 100%|█████████████████████████████| 82/82 [01:21<00:00,  1.01it/s]
Training (4345 / 25000 Steps) (loss=0.90468): 100%|█████████████████████████████| 82/82 [01:21<00:00,  1.01it/s]
Training (4427 / 25000 Steps) (loss=0.91500): 100%|█████████████████████████████| 82/82 [01:20<00:00,  1.02it/s]
Validate (4428 / 10 Steps): 100%|███████████████████████████████████████████████| 20/20 [00:21<00:00,  1.06s/it]
tensor([0.9984, 0.8580, 0.0000, 0.7852, 0.8113, 0.8213, 0.5836, 0.0625, 0.0000,█| 20/20 [00:21<00:00,  1.04s/it]
        0.6796, 0.7175, 0.8814, 0.6022, 0.0000, 0.0000, 0.0000, 0.0000, 0.0000,
        0.0000, 0.8529, 0.0000, 0.7880, 0.8367, 0.8181, 0.7492, 0.4854, 0.0000,
        0.6783, 0.0000, 0.0000, 0.6080, 0.0000, 0.0000, 0.0000, 0.0000, 0.0000,
        0.0000, 0.0000, 0.0000, 0.0000, 0.0000, 0.0000, 0.0000, 0.0000, 0.0000,
        0.0000], device='cuda:0')
Model Was Saved ! Current Best Avg. Dice: 0.32818037271499634 Current Avg. Dice: 0.32818037271499634
Training (4509 / 25000 Steps) (loss=0.91208): 100%|█████████████████████████████| 82/82 [01:43<00:00,  1.26s/it]
Training (4591 / 25000 Steps) (loss=0.92317): 100%|█████████████████████████████| 82/82 [01:20<00:00,  1.02it/s]
Training (4673 / 25000 Steps) (loss=0.86499): 100%|█████████████████████████████| 82/82 [01:19<00:00,  1.03it/s]
Training (4755 / 25000 Steps) (loss=0.84503): 100%|█████████████████████████████| 82/82 [01:21<00:00,  1.01it/s]
Training (4837 / 25000 Steps) (loss=0.84324): 100%|█████████████████████████████| 82/82 [01:19<00:00,  1.03it/s]
Training (4919 / 25000 Steps) (loss=0.87943): 100%|█████████████████████████████| 82/82 [01:20<00:00,  1.01it/s]
Validate (4920 / 10 Steps): 100%|███████████████████████████████████████████████| 20/20 [00:21<00:00,  1.06s/it]
tensor([0.9985, 0.8368, 0.0000, 0.7858, 0.8162, 0.8016, 0.7490, 0.4733, 0.0000,█| 20/20 [00:21<00:00,  1.04s/it]
        0.6676, 0.7155, 0.8913, 0.6633, 0.0000, 0.4259, 0.0000, 0.6881, 0.0000,
        0.0000, 0.8413, 0.0000, 0.7983, 0.8034, 0.8021, 0.7799, 0.6508, 0.0000,
        0.7254, 0.0000, 0.0000, 0.7104, 0.0000, 0.0000, 0.0000, 0.0000, 0.0000,
        0.0000, 0.0000, 0.0000, 0.0000, 0.0000, 0.0000, 0.0000, 0.0000, 0.0000,
        0.0000], device='cuda:0')
Model Was Saved ! Current Best Avg. Dice: 0.3765620291233063 Current Avg. Dice: 0.3765620291233063
Training (5001 / 25000 Steps) (loss=1.01044): 100%|█████████████████████████████| 82/82 [01:43<00:00,  1.26s/it]
Training (5083 / 25000 Steps) (loss=0.80430): 100%|█████████████████████████████| 82/82 [01:20<00:00,  1.01it/s]
Training (5165 / 25000 Steps) (loss=0.85647): 100%|█████████████████████████████| 82/82 [01:20<00:00,  1.02it/s]
Training (5247 / 25000 Steps) (loss=0.85114): 100%|█████████████████████████████| 82/82 [01:20<00:00,  1.01it/s]
Training (5329 / 25000 Steps) (loss=0.79562): 100%|█████████████████████████████| 82/82 [01:21<00:00,  1.01it/s]
Training (5411 / 25000 Steps) (loss=0.80062): 100%|█████████████████████████████| 82/82 [01:21<00:00,  1.01it/s]
Training (5493 / 25000 Steps) (loss=0.83309): 100%|█████████████████████████████| 82/82 [01:19<00:00,  1.03it/s]
Validate (5494 / 10 Steps): 100%|███████████████████████████████████████████████| 20/20 [00:21<00:00,  1.06s/it]
tensor([0.9986, 0.8716, 0.0000, 0.7908, 0.8363, 0.8310, 0.7920, 0.6315, 0.0000,█| 20/20 [00:21<00:00,  1.04s/it]
        0.7761, 0.7566, 0.8940, 0.7282, 0.0000, 0.5890, 0.0000, 0.7534, 0.0000,
        0.0000, 0.8728, 0.0000, 0.8140, 0.8570, 0.8476, 0.7893, 0.7090, 0.0000,
        0.7548, 0.0000, 0.0000, 0.7656, 0.0000, 0.0000, 0.0000, 0.0000, 0.0000,
        0.0000, 0.0000, 0.0000, 0.0000, 0.0000, 0.0000, 0.0000, 0.0000, 0.0000,
        0.0000], device='cuda:0')
Model Was Saved ! Current Best Avg. Dice: 0.4014769494533539 Current Avg. Dice: 0.4014769494533539
Training (5575 / 25000 Steps) (loss=0.78455): 100%|█████████████████████████████| 82/82 [01:43<00:00,  1.26s/it]
Training (5657 / 25000 Steps) (loss=0.87049): 100%|█████████████████████████████| 82/82 [01:19<00:00,  1.03it/s]
Training (5739 / 25000 Steps) (loss=0.79934): 100%|█████████████████████████████| 82/82 [01:19<00:00,  1.04it/s]
Training (5821 / 25000 Steps) (loss=0.88712): 100%|█████████████████████████████| 82/82 [01:21<00:00,  1.01it/s]
Training (5903 / 25000 Steps) (loss=0.78557): 100%|█████████████████████████████| 82/82 [01:20<00:00,  1.02it/s]
Training (5985 / 25000 Steps) (loss=0.80941): 100%|█████████████████████████████| 82/82 [01:21<00:00,  1.01it/s]
Validate (5986 / 10 Steps): 100%|███████████████████████████████████████████████| 20/20 [00:21<00:00,  1.06s/it]
tensor([0.9986, 0.8834, 0.0000, 0.8114, 0.8677, 0.8415, 0.7913, 0.7409, 0.0000,█| 20/20 [00:21<00:00,  1.03s/it]
        0.7932, 0.7587, 0.8984, 0.7234, 0.0079, 0.6031, 0.0000, 0.7595, 0.0000,
        0.2158, 0.8780, 0.0000, 0.8233, 0.8737, 0.8516, 0.8109, 0.7463, 0.0000,
        0.7601, 0.0000, 0.0000, 0.7729, 0.0000, 0.0016, 0.0000, 0.0000, 0.0000,
        0.0000, 0.0000, 0.0000, 0.0000, 0.0000, 0.0000, 0.0000, 0.0000, 0.0000,
        0.0000], device='cuda:0')
Model Was Saved ! Current Best Avg. Dice: 0.41486483812332153 Current Avg. Dice: 0.41486483812332153
Training (6067 / 25000 Steps) (loss=0.79499): 100%|█████████████████████████████| 82/82 [01:41<00:00,  1.24s/it]
Training (6149 / 25000 Steps) (loss=0.84073): 100%|█████████████████████████████| 82/82 [01:21<00:00,  1.01it/s]
Training (6231 / 25000 Steps) (loss=0.79872): 100%|█████████████████████████████| 82/82 [01:20<00:00,  1.02it/s]
Training (6313 / 25000 Steps) (loss=0.82933): 100%|█████████████████████████████| 82/82 [01:21<00:00,  1.01it/s]
Training (6395 / 25000 Steps) (loss=0.72890): 100%|█████████████████████████████| 82/82 [01:21<00:00,  1.01it/s]
Training (6477 / 25000 Steps) (loss=0.77220): 100%|█████████████████████████████| 82/82 [01:21<00:00,  1.01it/s]
Validate (6478 / 10 Steps): 100%|███████████████████████████████████████████████| 20/20 [00:21<00:00,  1.06s/it]
tensor([0.9987, 0.8733, 0.0000, 0.8313, 0.8515, 0.8371, 0.7949, 0.7364, 0.0752,█| 20/20 [00:21<00:00,  1.04s/it]
        0.8037, 0.7373, 0.9020, 0.7568, 0.6128, 0.6585, 0.0000, 0.7687, 0.0000,
        0.4538, 0.8678, 0.0000, 0.8453, 0.8693, 0.8683, 0.8201, 0.7654, 0.0000,
        0.7756, 0.0000, 0.0000, 0.7777, 0.0000, 0.2525, 0.0000, 0.0026, 0.0000,
        0.0000, 0.0000, 0.0000, 0.0000, 0.0000, 0.0000, 0.0000, 0.0000, 0.0000,
        0.0000], device='cuda:0')
Model Was Saved ! Current Best Avg. Dice: 0.44673508405685425 Current Avg. Dice: 0.44673508405685425
Training (6559 / 25000 Steps) (loss=0.70824): 100%|█████████████████████████████| 82/82 [01:43<00:00,  1.26s/it]
Training (6641 / 25000 Steps) (loss=0.74541): 100%|█████████████████████████████| 82/82 [01:20<00:00,  1.02it/s]
Training (6723 / 25000 Steps) (loss=0.71705): 100%|█████████████████████████████| 82/82 [01:20<00:00,  1.02it/s]
Training (6805 / 25000 Steps) (loss=0.69699): 100%|█████████████████████████████| 82/82 [01:20<00:00,  1.01it/s]
Training (6887 / 25000 Steps) (loss=0.73762): 100%|█████████████████████████████| 82/82 [01:20<00:00,  1.02it/s]
Training (6969 / 25000 Steps) (loss=0.74520): 100%|█████████████████████████████| 82/82 [01:20<00:00,  1.02it/s]
Validate (6970 / 10 Steps): 100%|███████████████████████████████████████████████| 20/20 [00:21<00:00,  1.06s/it]
tensor([0.9988, 0.8654, 0.0000, 0.8020, 0.8137, 0.8167, 0.7799, 0.7045, 0.4921,█| 20/20 [00:21<00:00,  1.04s/it]
        0.8108, 0.7801, 0.9078, 0.7303, 0.6490, 0.6535, 0.0000, 0.7680, 0.0000,
        0.4737, 0.8619, 0.0000, 0.8069, 0.8068, 0.8511, 0.7975, 0.7251, 0.1751,
        0.7454, 0.0000, 0.0000, 0.7708, 0.0000, 0.3453, 0.0000, 0.1117, 0.0000,
        0.0000, 0.0000, 0.0000, 0.0000, 0.0000, 0.0000, 0.0000, 0.0000, 0.0000,
        0.0000], device='cuda:0')
Model Was Saved ! Current Best Avg. Dice: 0.45898765325546265 Current Avg. Dice: 0.45898765325546265
Training (7051 / 25000 Steps) (loss=0.77526): 100%|█████████████████████████████| 82/82 [01:41<00:00,  1.24s/it]
Training (7133 / 25000 Steps) (loss=0.70897): 100%|█████████████████████████████| 82/82 [01:21<00:00,  1.01it/s]
Training (7215 / 25000 Steps) (loss=0.76082): 100%|█████████████████████████████| 82/82 [01:19<00:00,  1.03it/s]
Training (7297 / 25000 Steps) (loss=0.69734): 100%|█████████████████████████████| 82/82 [01:21<00:00,  1.01it/s]
Training (7379 / 25000 Steps) (loss=0.76444): 100%|█████████████████████████████| 82/82 [01:20<00:00,  1.02it/s]
Training (7461 / 25000 Steps) (loss=0.73778): 100%|█████████████████████████████| 82/82 [01:20<00:00,  1.02it/s]
Validate (7462 / 10 Steps): 100%|███████████████████████████████████████████████| 20/20 [00:21<00:00,  1.06s/it]
tensor([0.9988, 0.8827, 0.0000, 0.8409, 0.8656, 0.8381, 0.8173, 0.7882, 0.6041,█| 20/20 [00:21<00:00,  1.04s/it]
        0.8032, 0.7854, 0.9062, 0.7628, 0.7146, 0.6647, 0.0000, 0.7719, 0.0000,
        0.5377, 0.8812, 0.0248, 0.8572, 0.8757, 0.8602, 0.8169, 0.7934, 0.7079,
        0.7727, 0.3659, 0.0000, 0.7756, 0.0000, 0.4804, 0.0000, 0.3045, 0.0000,
        0.0000, 0.0000, 0.0000, 0.0000, 0.0000, 0.0000, 0.0000, 0.0000, 0.0000,
        0.0000], device='cuda:0')
Model Was Saved ! Current Best Avg. Dice: 0.5085304379463196 Current Avg. Dice: 0.5085304379463196
Training (7543 / 25000 Steps) (loss=0.66966): 100%|█████████████████████████████| 82/82 [01:42<00:00,  1.25s/it]
Training (7625 / 25000 Steps) (loss=0.66683): 100%|█████████████████████████████| 82/82 [01:21<00:00,  1.01it/s]
Training (7707 / 25000 Steps) (loss=0.77078): 100%|█████████████████████████████| 82/82 [01:20<00:00,  1.02it/s]
Training (7789 / 25000 Steps) (loss=0.68904): 100%|█████████████████████████████| 82/82 [01:19<00:00,  1.03it/s]
Training (7871 / 25000 Steps) (loss=0.77204): 100%|█████████████████████████████| 82/82 [01:20<00:00,  1.02it/s]
Training (7953 / 25000 Steps) (loss=0.70895): 100%|█████████████████████████████| 82/82 [01:20<00:00,  1.02it/s]
Validate (7954 / 10 Steps): 100%|███████████████████████████████████████████████| 20/20 [00:21<00:00,  1.06s/it]
tensor([0.9988, 0.8972, 0.0000, 0.8503, 0.8726, 0.8487, 0.7821, 0.7691, 0.5483,█| 20/20 [00:21<00:00,  1.04s/it]
        0.8167, 0.7616, 0.9093, 0.7694, 0.6983, 0.6901, 0.0000, 0.7811, 0.0000,
        0.5136, 0.8857, 0.3765, 0.8601, 0.8827, 0.8637, 0.8243, 0.7657, 0.6465,
        0.8000, 0.6993, 0.0000, 0.7790, 0.0000, 0.4540, 0.0000, 0.4471, 0.0000,
        0.0000, 0.0000, 0.0000, 0.0000, 0.0000, 0.0000, 0.0000, 0.0000, 0.0000,
        0.0000], device='cuda:0')
Model Was Saved ! Current Best Avg. Dice: 0.5252082943916321 Current Avg. Dice: 0.5252082943916321
Training (8035 / 25000 Steps) (loss=0.73385): 100%|█████████████████████████████| 82/82 [01:43<00:00,  1.26s/it]
Training (8117 / 25000 Steps) (loss=0.67178): 100%|█████████████████████████████| 82/82 [01:21<00:00,  1.01it/s]
Training (8199 / 25000 Steps) (loss=0.69422): 100%|█████████████████████████████| 82/82 [01:21<00:00,  1.01it/s]
Training (8281 / 25000 Steps) (loss=0.60907): 100%|█████████████████████████████| 82/82 [01:21<00:00,  1.01it/s]
Training (8363 / 25000 Steps) (loss=0.66976): 100%|█████████████████████████████| 82/82 [01:20<00:00,  1.02it/s]
Training (8445 / 25000 Steps) (loss=0.70400): 100%|█████████████████████████████| 82/82 [01:21<00:00,  1.01it/s]
Validate (8446 / 10 Steps): 100%|███████████████████████████████████████████████| 20/20 [00:21<00:00,  1.06s/it]
tensor([0.9988, 0.8871, 0.0000, 0.8610, 0.8744, 0.8499, 0.8365, 0.7853, 0.6434,█| 20/20 [00:21<00:00,  1.04s/it]
        0.8401, 0.8066, 0.9066, 0.7716, 0.7216, 0.7037, 0.0000, 0.7936, 0.0000,
        0.5622, 0.8946, 0.5522, 0.8633, 0.8776, 0.8729, 0.8424, 0.8191, 0.7394,
        0.8080, 0.7184, 0.0000, 0.7867, 0.0000, 0.5778, 0.0000, 0.4839, 0.0000,
        0.0000, 0.0000, 0.0000, 0.0000, 0.0000, 0.0000, 0.0000, 0.0000, 0.0000,
        0.0000], device='cuda:0')
Model Was Saved ! Current Best Avg. Dice: 0.5465623736381531 Current Avg. Dice: 0.5465623736381531
Training (8527 / 25000 Steps) (loss=0.59542): 100%|█████████████████████████████| 82/82 [01:43<00:00,  1.26s/it]
Training (8609 / 25000 Steps) (loss=0.62998): 100%|█████████████████████████████| 82/82 [01:21<00:00,  1.01it/s]
Training (8691 / 25000 Steps) (loss=0.74864): 100%|█████████████████████████████| 82/82 [01:21<00:00,  1.01it/s]
Training (8773 / 25000 Steps) (loss=0.63011): 100%|█████████████████████████████| 82/82 [01:20<00:00,  1.02it/s]
Training (8855 / 25000 Steps) (loss=0.62237): 100%|█████████████████████████████| 82/82 [01:20<00:00,  1.01it/s]
Training (8937 / 25000 Steps) (loss=0.61865): 100%|█████████████████████████████| 82/82 [01:21<00:00,  1.01it/s]
Validate (8938 / 10 Steps): 100%|███████████████████████████████████████████████| 20/20 [00:21<00:00,  1.07s/it]
tensor([0.9989, 0.8974, 0.3970, 0.8576, 0.8739, 0.8432, 0.8353, 0.7471, 0.5882,█| 20/20 [00:21<00:00,  1.04s/it]
        0.8406, 0.8210, 0.9050, 0.7838, 0.7078, 0.7097, 0.0000, 0.7885, 0.0000,
        0.5772, 0.8955, 0.5955, 0.8613, 0.8756, 0.8685, 0.8398, 0.7959, 0.7404,
        0.8125, 0.7289, 0.0000, 0.7783, 0.0000, 0.5830, 0.0000, 0.5077, 0.0000,
        0.0000, 0.0000, 0.0000, 0.0000, 0.3518, 0.5484, 0.0000, 0.0000, 0.0000,
        0.0000], device='cuda:0')
Model Was Saved ! Current Best Avg. Dice: 0.5773786306381226 Current Avg. Dice: 0.5773786306381226
Training (9019 / 25000 Steps) (loss=0.67039): 100%|█████████████████████████████| 82/82 [01:41<00:00,  1.24s/it]
Training (9101 / 25000 Steps) (loss=0.73487): 100%|█████████████████████████████| 82/82 [01:20<00:00,  1.02it/s]
Training (9183 / 25000 Steps) (loss=0.59633): 100%|█████████████████████████████| 82/82 [01:19<00:00,  1.04it/s]
Training (9265 / 25000 Steps) (loss=0.62133): 100%|█████████████████████████████| 82/82 [01:21<00:00,  1.01it/s]
Training (9347 / 25000 Steps) (loss=0.68780): 100%|█████████████████████████████| 82/82 [01:20<00:00,  1.02it/s]
Training (9429 / 25000 Steps) (loss=0.68682): 100%|█████████████████████████████| 82/82 [01:19<00:00,  1.03it/s]
Validate (9430 / 10 Steps): 100%|███████████████████████████████████████████████| 20/20 [00:21<00:00,  1.06s/it]
tensor([0.9988, 0.8930, 0.5382, 0.8656, 0.8780, 0.8242, 0.8202, 0.7873, 0.5931,█| 20/20 [00:21<00:00,  1.03s/it]
        0.8245, 0.8186, 0.8948, 0.7841, 0.7134, 0.7106, 0.0000, 0.7689, 0.0000,
        0.5831, 0.8925, 0.6476, 0.8606, 0.8799, 0.8612, 0.8445, 0.8156, 0.7510,
        0.8134, 0.7380, 0.0000, 0.7791, 0.0000, 0.6018, 0.0000, 0.5183, 0.0000,
        0.0000, 0.0000, 0.0000, 0.0000, 0.6155, 0.7699, 0.0000, 0.0000, 0.0000,
        0.0000], device='cuda:0')
Model Was Saved ! Current Best Avg. Dice: 0.5949369668960571 Current Avg. Dice: 0.5949369668960571
Training (9511 / 25000 Steps) (loss=0.61955): 100%|█████████████████████████████| 82/82 [01:43<00:00,  1.26s/it]
Training (9593 / 25000 Steps) (loss=0.58859): 100%|█████████████████████████████| 82/82 [01:20<00:00,  1.02it/s]
Training (9675 / 25000 Steps) (loss=0.54829): 100%|█████████████████████████████| 82/82 [01:21<00:00,  1.01it/s]
Training (9757 / 25000 Steps) (loss=0.57066): 100%|█████████████████████████████| 82/82 [01:20<00:00,  1.01it/s]
Training (9839 / 25000 Steps) (loss=0.57545): 100%|█████████████████████████████| 82/82 [01:21<00:00,  1.01it/s]
Training (9921 / 25000 Steps) (loss=0.57474): 100%|█████████████████████████████| 82/82 [01:21<00:00,  1.01it/s]
Validate (9922 / 10 Steps): 100%|███████████████████████████████████████████████| 20/20 [00:21<00:00,  1.07s/it]
tensor([0.9989, 0.8809, 0.6068, 0.8707, 0.8807, 0.8554, 0.8328, 0.7978, 0.6500,█| 20/20 [00:21<00:00,  1.04s/it]
        0.8464, 0.8324, 0.9142, 0.7836, 0.7177, 0.7189, 0.0000, 0.7999, 0.0000,
        0.5831, 0.8688, 0.6435, 0.8674, 0.8842, 0.8784, 0.8335, 0.8255, 0.7593,
        0.8157, 0.7209, 0.0000, 0.7904, 0.0000, 0.5811, 0.0000, 0.5273, 0.0000,
        0.0000, 0.0000, 0.0000, 0.0000, 0.6395, 0.7843, 0.0000, 0.0000, 0.0000,
        0.0000], device='cuda:0')
Model Was Saved ! Current Best Avg. Dice: 0.6022650003433228 Current Avg. Dice: 0.6022650003433228
Training (10003 / 25000 Steps) (loss=0.55424): 100%|████████████████████████████| 82/82 [01:44<00:00,  1.27s/it]
Training (10085 / 25000 Steps) (loss=0.53141): 100%|████████████████████████████| 82/82 [01:19<00:00,  1.03it/s]
Training (10167 / 25000 Steps) (loss=0.59286): 100%|████████████████████████████| 82/82 [01:20<00:00,  1.02it/s]
Training (10249 / 25000 Steps) (loss=0.59862): 100%|████████████████████████████| 82/82 [01:20<00:00,  1.02it/s]
Training (10331 / 25000 Steps) (loss=0.51805): 100%|████████████████████████████| 82/82 [01:21<00:00,  1.01it/s]
Training (10413 / 25000 Steps) (loss=0.68054): 100%|████████████████████████████| 82/82 [01:20<00:00,  1.02it/s]
Training (10495 / 25000 Steps) (loss=0.56572): 100%|████████████████████████████| 82/82 [01:19<00:00,  1.03it/s]
Validate (10496 / 10 Steps): 100%|██████████████████████████████████████████████| 20/20 [00:21<00:00,  1.06s/it]
tensor([0.9989, 0.8780, 0.5979, 0.8555, 0.8550, 0.8344, 0.8121, 0.7811, 0.6139,█| 20/20 [00:21<00:00,  1.03s/it]
        0.8498, 0.8323, 0.9150, 0.7763, 0.7087, 0.7005, 0.0000, 0.7591, 0.0000,
        0.5653, 0.8797, 0.6957, 0.8653, 0.8761, 0.8650, 0.8291, 0.8162, 0.7515,
        0.8100, 0.7365, 0.0000, 0.7786, 0.0000, 0.5967, 0.0000, 0.5522, 0.0000,
        0.0000, 0.0000, 0.0000, 0.0000, 0.6545, 0.7768, 0.4803, 0.3717, 0.4436,
        0.0026], device='cuda:0')
Model Was Saved ! Current Best Avg. Dice: 0.6293201446533203 Current Avg. Dice: 0.6293201446533203
Training (10577 / 25000 Steps) (loss=0.58263): 100%|████████████████████████████| 82/82 [01:42<00:00,  1.25s/it]
Training (10659 / 25000 Steps) (loss=0.54223): 100%|████████████████████████████| 82/82 [01:21<00:00,  1.01it/s]
Training (10741 / 25000 Steps) (loss=0.49393): 100%|████████████████████████████| 82/82 [01:20<00:00,  1.02it/s]
Training (10823 / 25000 Steps) (loss=0.59417): 100%|████████████████████████████| 82/82 [01:21<00:00,  1.01it/s]
Training (10905 / 25000 Steps) (loss=0.52303): 100%|████████████████████████████| 82/82 [01:20<00:00,  1.02it/s]
Training (10987 / 25000 Steps) (loss=0.51538): 100%|████████████████████████████| 82/82 [01:20<00:00,  1.02it/s]
Validate (10988 / 10 Steps): 100%|██████████████████████████████████████████████| 20/20 [00:21<00:00,  1.07s/it]
tensor([0.9990, 0.8864, 0.5825, 0.8646, 0.8632, 0.8472, 0.8291, 0.7659, 0.5947,█| 20/20 [00:21<00:00,  1.04s/it]
        0.8391, 0.8263, 0.9165, 0.7718, 0.6565, 0.7104, 0.0000, 0.7798, 0.0000,
        0.5728, 0.8915, 0.6738, 0.8665, 0.8789, 0.8760, 0.8347, 0.8070, 0.7441,
        0.8196, 0.7423, 0.0000, 0.7963, 0.0000, 0.5859, 0.0000, 0.5488, 0.0000,
        0.0000, 0.0000, 0.0000, 0.0000, 0.6433, 0.7666, 0.6518, 0.6157, 0.6691,
        0.7737], device='cuda:0')
Model Was Saved ! Current Best Avg. Dice: 0.6626036763191223 Current Avg. Dice: 0.6626036763191223
Training (11069 / 25000 Steps) (loss=0.50991): 100%|████████████████████████████| 82/82 [01:42<00:00,  1.25s/it]
Training (11151 / 25000 Steps) (loss=0.57290): 100%|████████████████████████████| 82/82 [01:20<00:00,  1.02it/s]
Training (11233 / 25000 Steps) (loss=0.48409): 100%|████████████████████████████| 82/82 [01:21<00:00,  1.01it/s]
Training (11315 / 25000 Steps) (loss=0.52711): 100%|████████████████████████████| 82/82 [01:21<00:00,  1.01it/s]
Training (11397 / 25000 Steps) (loss=0.50281): 100%|████████████████████████████| 82/82 [01:20<00:00,  1.02it/s]
Training (11479 / 25000 Steps) (loss=0.46174): 100%|████████████████████████████| 82/82 [01:21<00:00,  1.01it/s]
Validate (11480 / 10 Steps): 100%|██████████████████████████████████████████████| 20/20 [00:21<00:00,  1.06s/it]
tensor([0.9989, 0.8872, 0.6126, 0.8278, 0.8140, 0.8515, 0.8253, 0.7961, 0.6234,█| 20/20 [00:21<00:00,  1.04s/it]
        0.8506, 0.8283, 0.9115, 0.7947, 0.7389, 0.7282, 0.0000, 0.7965, 0.0000,
        0.5883, 0.8787, 0.7003, 0.8248, 0.7819, 0.8727, 0.8406, 0.8233, 0.7802,
        0.8037, 0.7595, 0.0000, 0.8014, 0.0000, 0.5972, 0.0000, 0.5346, 0.0000,
        0.0000, 0.0000, 0.0000, 0.0000, 0.6642, 0.7931, 0.6713, 0.6087, 0.6853,
        0.7807], device='cuda:0')
Model Was Saved ! Current Best Avg. Dice: 0.6669387817382812 Current Avg. Dice: 0.6669387817382812
Training (11561 / 25000 Steps) (loss=0.52305): 100%|████████████████████████████| 82/82 [01:42<00:00,  1.25s/it]
Training (11643 / 25000 Steps) (loss=0.57499): 100%|████████████████████████████| 82/82 [01:20<00:00,  1.02it/s]
Training (11725 / 25000 Steps) (loss=0.51297): 100%|████████████████████████████| 82/82 [01:20<00:00,  1.02it/s]
Training (11807 / 25000 Steps) (loss=0.50970): 100%|████████████████████████████| 82/82 [01:21<00:00,  1.01it/s]
Training (11889 / 25000 Steps) (loss=0.46166): 100%|████████████████████████████| 82/82 [01:20<00:00,  1.02it/s]
Training (11971 / 25000 Steps) (loss=0.50536): 100%|████████████████████████████| 82/82 [01:21<00:00,  1.01it/s]
Validate (11972 / 10 Steps): 100%|██████████████████████████████████████████████| 20/20 [00:21<00:00,  1.06s/it]
tensor([0.9990, 0.8997, 0.6071, 0.8596, 0.8768, 0.8644, 0.8418, 0.7786, 0.6507,█| 20/20 [00:21<00:00,  1.04s/it]
        0.8353, 0.8405, 0.9123, 0.7966, 0.7201, 0.7200, 0.0000, 0.7932, 0.2500,
        0.6000, 0.8946, 0.6811, 0.8721, 0.8867, 0.8793, 0.8459, 0.8209, 0.7694,
        0.8282, 0.7527, 0.0000, 0.8004, 0.0000, 0.6156, 0.0000, 0.5655, 0.0000,
        0.0000, 0.0000, 0.0000, 0.0000, 0.6464, 0.7956, 0.7066, 0.6993, 0.7191,
        0.7709], device='cuda:0')
Model Was Saved ! Current Best Avg. Dice: 0.6844369769096375 Current Avg. Dice: 0.6844369769096375
Training (12053 / 25000 Steps) (loss=0.46962): 100%|████████████████████████████| 82/82 [01:43<00:00,  1.26s/it]
Training (12135 / 25000 Steps) (loss=0.49906): 100%|████████████████████████████| 82/82 [01:20<00:00,  1.02it/s]
Training (12217 / 25000 Steps) (loss=0.51208): 100%|████████████████████████████| 82/82 [01:21<00:00,  1.01it/s]
Training (12299 / 25000 Steps) (loss=0.47514): 100%|████████████████████████████| 82/82 [01:21<00:00,  1.01it/s]
Training (12381 / 25000 Steps) (loss=0.54863): 100%|████████████████████████████| 82/82 [01:20<00:00,  1.02it/s]
Training (12463 / 25000 Steps) (loss=0.56308): 100%|████████████████████████████| 82/82 [01:20<00:00,  1.02it/s]
Validate (12464 / 10 Steps): 100%|██████████████████████████████████████████████| 20/20 [00:21<00:00,  1.07s/it]
tensor([0.9990, 0.9014, 0.6265, 0.8623, 0.8830, 0.8683, 0.8422, 0.8101, 0.6584,█| 20/20 [00:21<00:00,  1.04s/it]
        0.8589, 0.8356, 0.9193, 0.8019, 0.7377, 0.7365, 0.0000, 0.7988, 0.3776,
        0.5913, 0.8951, 0.7067, 0.8605, 0.8921, 0.8816, 0.8485, 0.8316, 0.7776,
        0.8333, 0.7604, 0.0220, 0.8022, 0.0000, 0.6146, 0.0000, 0.5614, 0.0000,
        0.0000, 0.0000, 0.0000, 0.0000, 0.6640, 0.7745, 0.6582, 0.7033, 0.7131,
        0.7755], device='cuda:0')
Model Was Saved ! Current Best Avg. Dice: 0.6913257241249084 Current Avg. Dice: 0.6913257241249084
Training (12545 / 25000 Steps) (loss=0.50250): 100%|████████████████████████████| 82/82 [01:42<00:00,  1.26s/it]
Training (12627 / 25000 Steps) (loss=0.47648): 100%|████████████████████████████| 82/82 [01:21<00:00,  1.01it/s]
Training (12709 / 25000 Steps) (loss=0.62504): 100%|████████████████████████████| 82/82 [01:20<00:00,  1.01it/s]
Training (12791 / 25000 Steps) (loss=0.49847): 100%|████████████████████████████| 82/82 [01:21<00:00,  1.01it/s]
Training (12873 / 25000 Steps) (loss=0.55833): 100%|████████████████████████████| 82/82 [01:21<00:00,  1.00it/s]
Training (12955 / 25000 Steps) (loss=0.46937): 100%|████████████████████████████| 82/82 [01:19<00:00,  1.03it/s]
Validate (12956 / 10 Steps): 100%|██████████████████████████████████████████████| 20/20 [00:21<00:00,  1.06s/it]
tensor([0.9990, 0.8799, 0.6296, 0.8584, 0.8677, 0.8525, 0.8374, 0.7865, 0.6465,█| 20/20 [00:21<00:00,  1.04s/it]
        0.8600, 0.8393, 0.9174, 0.7667, 0.7455, 0.7252, 0.5692, 0.7936, 0.4631,
        0.5664, 0.8746, 0.6833, 0.8665, 0.8850, 0.8602, 0.8452, 0.8290, 0.7758,
        0.8207, 0.7671, 0.6208, 0.7902, 0.0000, 0.6138, 0.0000, 0.5499, 0.0000,
        0.0000, 0.0000, 0.0000, 0.0000, 0.6696, 0.7964, 0.7189, 0.7196, 0.7238,
        0.7846], device='cuda:0')
Model Was Saved ! Current Best Avg. Dice: 0.7182164192199707 Current Avg. Dice: 0.7182164192199707
Training (13037 / 25000 Steps) (loss=0.43324): 100%|████████████████████████████| 82/82 [01:42<00:00,  1.26s/it]
Training (13119 / 25000 Steps) (loss=0.49505): 100%|████████████████████████████| 82/82 [01:21<00:00,  1.01it/s]
Training (13201 / 25000 Steps) (loss=0.65270): 100%|████████████████████████████| 82/82 [01:20<00:00,  1.02it/s]
Training (13283 / 25000 Steps) (loss=0.57536): 100%|████████████████████████████| 82/82 [01:21<00:00,  1.01it/s]
Training (13365 / 25000 Steps) (loss=0.58258): 100%|████████████████████████████| 82/82 [01:20<00:00,  1.02it/s]
Training (13447 / 25000 Steps) (loss=0.56580): 100%|████████████████████████████| 82/82 [01:19<00:00,  1.04it/s]
Validate (13448 / 10 Steps): 100%|██████████████████████████████████████████████| 20/20 [00:21<00:00,  1.06s/it]
Model Was Not Saved ! Current Best Avg. Dice: 0.7182164192199707 Current Avg. Dice: 0.7138475775718689 1.04s/it]
Training (13529 / 25000 Steps) (loss=0.50725): 100%|████████████████████████████| 82/82 [01:41<00:00,  1.24s/it]
Training (13611 / 25000 Steps) (loss=0.41014): 100%|████████████████████████████| 82/82 [01:21<00:00,  1.00it/s]
Training (13693 / 25000 Steps) (loss=0.42027): 100%|████████████████████████████| 82/82 [01:20<00:00,  1.02it/s]
Training (13775 / 25000 Steps) (loss=0.43658): 100%|████████████████████████████| 82/82 [01:21<00:00,  1.01it/s]
Training (13857 / 25000 Steps) (loss=0.46918): 100%|████████████████████████████| 82/82 [01:20<00:00,  1.02it/s]
Training (13939 / 25000 Steps) (loss=0.45521): 100%|████████████████████████████| 82/82 [01:21<00:00,  1.01it/s]
Validate (13940 / 10 Steps): 100%|██████████████████████████████████████████████| 20/20 [00:21<00:00,  1.06s/it]
Model Was Not Saved ! Current Best Avg. Dice: 0.7182164192199707 Current Avg. Dice: 0.6972741484642029 1.04s/it]
Training (14021 / 25000 Steps) (loss=0.44245): 100%|████████████████████████████| 82/82 [01:41<00:00,  1.24s/it]
Training (14103 / 25000 Steps) (loss=0.40536): 100%|████████████████████████████| 82/82 [01:19<00:00,  1.03it/s]
Training (14185 / 25000 Steps) (loss=0.47226): 100%|████████████████████████████| 82/82 [01:21<00:00,  1.01it/s]
Training (14267 / 25000 Steps) (loss=0.50464): 100%|████████████████████████████| 82/82 [01:19<00:00,  1.03it/s]
Training (14349 / 25000 Steps) (loss=0.44155): 100%|████████████████████████████| 82/82 [01:21<00:00,  1.01it/s]
Training (14431 / 25000 Steps) (loss=0.48062): 100%|████████████████████████████| 82/82 [01:20<00:00,  1.01it/s]
Validate (14432 / 10 Steps): 100%|██████████████████████████████████████████████| 20/20 [00:21<00:00,  1.06s/it]
Model Was Not Saved ! Current Best Avg. Dice: 0.7182164192199707 Current Avg. Dice: 0.7178298830986023 1.04s/it]
Training (14513 / 25000 Steps) (loss=0.47213): 100%|████████████████████████████| 82/82 [01:42<00:00,  1.25s/it]
Training (14595 / 25000 Steps) (loss=0.43520): 100%|████████████████████████████| 82/82 [01:20<00:00,  1.02it/s]
Training (14677 / 25000 Steps) (loss=0.57328): 100%|████████████████████████████| 82/82 [01:20<00:00,  1.02it/s]
Training (14759 / 25000 Steps) (loss=0.45142): 100%|████████████████████████████| 82/82 [01:21<00:00,  1.01it/s]
Training (14841 / 25000 Steps) (loss=0.43472): 100%|████████████████████████████| 82/82 [01:21<00:00,  1.01it/s]
Training (14923 / 25000 Steps) (loss=0.48454): 100%|████████████████████████████| 82/82 [01:21<00:00,  1.01it/s]
Validate (14924 / 10 Steps): 100%|██████████████████████████████████████████████| 20/20 [00:21<00:00,  1.06s/it]
Model Was Not Saved ! Current Best Avg. Dice: 0.7182164192199707 Current Avg. Dice: 0.7051083445549011 1.03s/it]
Training (15005 / 25000 Steps) (loss=0.46281): 100%|████████████████████████████| 82/82 [01:41<00:00,  1.24s/it]
Training (15087 / 25000 Steps) (loss=0.42293): 100%|████████████████████████████| 82/82 [01:18<00:00,  1.04it/s]
Training (15169 / 25000 Steps) (loss=0.46629): 100%|████████████████████████████| 82/82 [01:20<00:00,  1.02it/s]
Training (15251 / 25000 Steps) (loss=0.41347): 100%|████████████████████████████| 82/82 [01:20<00:00,  1.01it/s]
Training (15333 / 25000 Steps) (loss=0.49835): 100%|████████████████████████████| 82/82 [01:20<00:00,  1.02it/s]
Training (15415 / 25000 Steps) (loss=0.47192): 100%|████████████████████████████| 82/82 [01:19<00:00,  1.04it/s]
Training (15497 / 25000 Steps) (loss=0.46612): 100%|████████████████████████████| 82/82 [01:20<00:00,  1.01it/s]
Validate (15498 / 10 Steps): 100%|██████████████████████████████████████████████| 20/20 [00:21<00:00,  1.07s/it]
tensor([0.9990, 0.9115, 0.6756, 0.8748, 0.8897, 0.8759, 0.8537, 0.8115, 0.6643,█| 20/20 [00:21<00:00,  1.04s/it]
        0.8673, 0.8391, 0.9169, 0.8125, 0.7618, 0.7424, 0.6358, 0.8083, 0.5896,
        0.6200, 0.9046, 0.7301, 0.8811, 0.8987, 0.8885, 0.8446, 0.8430, 0.7692,
        0.8437, 0.7715, 0.6203, 0.8073, 0.6627, 0.6532, 0.0000, 0.5845, 0.0000,
        0.0000, 0.0000, 0.0000, 0.0000, 0.6776, 0.7977, 0.7190, 0.7394, 0.7334,
        0.8014], device='cuda:0')
Model Was Saved ! Current Best Avg. Dice: 0.7548214793205261 Current Avg. Dice: 0.7548214793205261
Training (15579 / 25000 Steps) (loss=0.46993): 100%|████████████████████████████| 82/82 [01:42<00:00,  1.25s/it]
Training (15661 / 25000 Steps) (loss=0.44973): 100%|████████████████████████████| 82/82 [01:19<00:00,  1.03it/s]
Training (15743 / 25000 Steps) (loss=0.45041): 100%|████████████████████████████| 82/82 [01:21<00:00,  1.01it/s]
Training (15825 / 25000 Steps) (loss=0.44017): 100%|████████████████████████████| 82/82 [01:19<00:00,  1.04it/s]
Training (15907 / 25000 Steps) (loss=0.45938): 100%|████████████████████████████| 82/82 [01:21<00:00,  1.01it/s]
Training (15989 / 25000 Steps) (loss=0.58240): 100%|████████████████████████████| 82/82 [01:20<00:00,  1.01it/s]
Validate (15990 / 10 Steps): 100%|██████████████████████████████████████████████| 20/20 [00:21<00:00,  1.06s/it]
Model Was Not Saved ! Current Best Avg. Dice: 0.7548214793205261 Current Avg. Dice: 0.7403532862663269 1.03s/it]
Training (16071 / 25000 Steps) (loss=0.45386): 100%|████████████████████████████| 82/82 [01:40<00:00,  1.23s/it]
Training (16153 / 25000 Steps) (loss=0.39458): 100%|████████████████████████████| 82/82 [01:19<00:00,  1.03it/s]
Training (16235 / 25000 Steps) (loss=0.44327): 100%|████████████████████████████| 82/82 [01:21<00:00,  1.01it/s]
Training (16317 / 25000 Steps) (loss=0.43361): 100%|████████████████████████████| 82/82 [01:20<00:00,  1.01it/s]
Training (16399 / 25000 Steps) (loss=0.36802): 100%|████████████████████████████| 82/82 [01:20<00:00,  1.02it/s]
Training (16481 / 25000 Steps) (loss=0.60423): 100%|████████████████████████████| 82/82 [01:19<00:00,  1.04it/s]
Validate (16482 / 10 Steps): 100%|██████████████████████████████████████████████| 20/20 [00:21<00:00,  1.06s/it]
tensor([0.9991, 0.9070, 0.6451, 0.8768, 0.8845, 0.8606, 0.8379, 0.8229, 0.6692,█| 20/20 [00:21<00:00,  1.04s/it]
        0.8601, 0.8401, 0.9169, 0.8161, 0.7546, 0.7408, 0.6792, 0.7967, 0.5728,
        0.6065, 0.9004, 0.7218, 0.8802, 0.8963, 0.8881, 0.8484, 0.8499, 0.7941,
        0.8514, 0.7862, 0.6674, 0.8101, 0.6614, 0.6412, 0.0000, 0.5701, 0.0000,
        0.0000, 0.0000, 0.0000, 0.0000, 0.6525, 0.8017, 0.7513, 0.7582, 0.7557,
        0.7942], device='cuda:0')
Model Was Saved ! Current Best Avg. Dice: 0.7560223340988159 Current Avg. Dice: 0.7560223340988159
Training (16563 / 25000 Steps) (loss=0.44244): 100%|████████████████████████████| 82/82 [01:41<00:00,  1.24s/it]
Training (16645 / 25000 Steps) (loss=0.43220): 100%|████████████████████████████| 82/82 [01:19<00:00,  1.03it/s]
Training (16727 / 25000 Steps) (loss=0.42332): 100%|████████████████████████████| 82/82 [01:20<00:00,  1.02it/s]
Training (16809 / 25000 Steps) (loss=0.42892): 100%|████████████████████████████| 82/82 [01:21<00:00,  1.01it/s]
Training (16891 / 25000 Steps) (loss=0.46609): 100%|████████████████████████████| 82/82 [01:19<00:00,  1.03it/s]
Training (16973 / 25000 Steps) (loss=0.55464): 100%|████████████████████████████| 82/82 [01:20<00:00,  1.01it/s]
Validate (16974 / 10 Steps): 100%|██████████████████████████████████████████████| 20/20 [00:21<00:00,  1.06s/it]
tensor([0.9991, 0.9100, 0.6706, 0.8805, 0.8946, 0.8771, 0.8600, 0.8154, 0.6742,█| 20/20 [00:21<00:00,  1.03s/it]
        0.8668, 0.8332, 0.9152, 0.8305, 0.7810, 0.7428, 0.6868, 0.8057, 0.5675,
        0.6284, 0.9064, 0.7401, 0.8849, 0.9014, 0.8919, 0.8628, 0.8423, 0.7910,
        0.8534, 0.7980, 0.6827, 0.8090, 0.7162, 0.6567, 0.0000, 0.6002, 0.0000,
        0.0000, 0.0210, 0.0000, 0.0000, 0.6819, 0.8220, 0.7302, 0.7260, 0.7273,
        0.8109], device='cuda:0')
Model Was Saved ! Current Best Avg. Dice: 0.7638472318649292 Current Avg. Dice: 0.7638472318649292
Training (17055 / 25000 Steps) (loss=0.35678): 100%|████████████████████████████| 82/82 [01:43<00:00,  1.26s/it]
Training (17137 / 25000 Steps) (loss=0.38426): 100%|████████████████████████████| 82/82 [01:20<00:00,  1.02it/s]
Training (17219 / 25000 Steps) (loss=0.38620): 100%|████████████████████████████| 82/82 [01:19<00:00,  1.04it/s]
Training (17301 / 25000 Steps) (loss=0.45069): 100%|████████████████████████████| 82/82 [01:20<00:00,  1.02it/s]
Training (17383 / 25000 Steps) (loss=0.44049): 100%|████████████████████████████| 82/82 [01:20<00:00,  1.02it/s]
Training (17465 / 25000 Steps) (loss=0.47101): 100%|████████████████████████████| 82/82 [01:21<00:00,  1.01it/s]
Validate (17466 / 10 Steps): 100%|██████████████████████████████████████████████| 20/20 [00:21<00:00,  1.06s/it]
Model Was Not Saved ! Current Best Avg. Dice: 0.7638472318649292 Current Avg. Dice: 0.7617990970611572 1.04s/it]
Training (17547 / 25000 Steps) (loss=0.47696): 100%|████████████████████████████| 82/82 [01:40<00:00,  1.23s/it]
Training (17629 / 25000 Steps) (loss=0.47476): 100%|████████████████████████████| 82/82 [01:20<00:00,  1.02it/s]
Training (17711 / 25000 Steps) (loss=0.39005): 100%|████████████████████████████| 82/82 [01:20<00:00,  1.02it/s]
Training (17793 / 25000 Steps) (loss=0.37068): 100%|████████████████████████████| 82/82 [01:20<00:00,  1.02it/s]
Training (17875 / 25000 Steps) (loss=0.45112): 100%|████████████████████████████| 82/82 [01:20<00:00,  1.02it/s]
Training (17957 / 25000 Steps) (loss=0.42759): 100%|████████████████████████████| 82/82 [01:20<00:00,  1.02it/s]
Validate (17958 / 10 Steps): 100%|██████████████████████████████████████████████| 20/20 [00:21<00:00,  1.06s/it]
Model Was Not Saved ! Current Best Avg. Dice: 0.7638472318649292 Current Avg. Dice: 0.7540274858474731 1.03s/it]
Training (18039 / 25000 Steps) (loss=0.54790): 100%|████████████████████████████| 82/82 [01:41<00:00,  1.24s/it]
Training (18121 / 25000 Steps) (loss=0.42807): 100%|████████████████████████████| 82/82 [01:21<00:00,  1.01it/s]
Training (18203 / 25000 Steps) (loss=0.32841): 100%|████████████████████████████| 82/82 [01:21<00:00,  1.01it/s]
Training (18285 / 25000 Steps) (loss=0.45968): 100%|████████████████████████████| 82/82 [01:21<00:00,  1.01it/s]
Training (18367 / 25000 Steps) (loss=0.40785): 100%|████████████████████████████| 82/82 [01:20<00:00,  1.01it/s]
Training (18449 / 25000 Steps) (loss=0.41517): 100%|████████████████████████████| 82/82 [01:19<00:00,  1.03it/s]
Validate (18450 / 10 Steps): 100%|██████████████████████████████████████████████| 20/20 [00:21<00:00,  1.06s/it]
tensor([0.9991, 0.9125, 0.6588, 0.8811, 0.8708, 0.8770, 0.8591, 0.8178, 0.6824,█| 20/20 [00:21<00:00,  1.03s/it]
        0.8664, 0.8474, 0.9196, 0.8217, 0.7544, 0.7508, 0.6878, 0.8064, 0.5790,
        0.6317, 0.9036, 0.7287, 0.8822, 0.8939, 0.8890, 0.8543, 0.8451, 0.7805,
        0.8380, 0.7836, 0.6797, 0.8134, 0.7048, 0.6517, 0.3281, 0.6007, 0.0000,
        0.0000, 0.0844, 0.0000, 0.0000, 0.6780, 0.7955, 0.7473, 0.7677, 0.7811,
        0.7980], device='cuda:0')
Model Was Saved ! Current Best Avg. Dice: 0.7684339284896851 Current Avg. Dice: 0.7684339284896851
Training (18531 / 25000 Steps) (loss=0.53988): 100%|████████████████████████████| 82/82 [01:42<00:00,  1.26s/it]
Training (18613 / 25000 Steps) (loss=0.43385): 100%|████████████████████████████| 82/82 [01:20<00:00,  1.01it/s]
Training (18695 / 25000 Steps) (loss=0.38203): 100%|████████████████████████████| 82/82 [01:20<00:00,  1.01it/s]
Training (18777 / 25000 Steps) (loss=0.38734): 100%|████████████████████████████| 82/82 [01:19<00:00,  1.03it/s]
Training (18859 / 25000 Steps) (loss=0.32531): 100%|████████████████████████████| 82/82 [01:19<00:00,  1.04it/s]
Training (18941 / 25000 Steps) (loss=0.40531): 100%|████████████████████████████| 82/82 [01:20<00:00,  1.02it/s]
Validate (18942 / 10 Steps): 100%|██████████████████████████████████████████████| 20/20 [00:21<00:00,  1.07s/it]
Model Was Not Saved ! Current Best Avg. Dice: 0.7684339284896851 Current Avg. Dice: 0.7589160799980164 1.03s/it]
Training (19023 / 25000 Steps) (loss=0.41663): 100%|████████████████████████████| 82/82 [01:41<00:00,  1.24s/it]
Training (19105 / 25000 Steps) (loss=0.37997): 100%|████████████████████████████| 82/82 [01:20<00:00,  1.01it/s]
Training (19187 / 25000 Steps) (loss=0.35047): 100%|████████████████████████████| 82/82 [01:19<00:00,  1.03it/s]
Training (19269 / 25000 Steps) (loss=0.34755): 100%|████████████████████████████| 82/82 [01:19<00:00,  1.03it/s]
Training (19351 / 25000 Steps) (loss=0.44994): 100%|████████████████████████████| 82/82 [01:20<00:00,  1.02it/s]
Training (19433 / 25000 Steps) (loss=0.39943): 100%|████████████████████████████| 82/82 [01:19<00:00,  1.03it/s]
Validate (19434 / 10 Steps): 100%|██████████████████████████████████████████████| 20/20 [00:21<00:00,  1.06s/it]
Model Was Not Saved ! Current Best Avg. Dice: 0.7684339284896851 Current Avg. Dice: 0.7282242178916931 1.03s/it]
Training (19515 / 25000 Steps) (loss=0.35647): 100%|████████████████████████████| 82/82 [01:41<00:00,  1.24s/it]
Training (19597 / 25000 Steps) (loss=0.43848): 100%|████████████████████████████| 82/82 [01:20<00:00,  1.01it/s]
Training (19679 / 25000 Steps) (loss=0.42297): 100%|████████████████████████████| 82/82 [01:20<00:00,  1.02it/s]
Training (19761 / 25000 Steps) (loss=0.42615): 100%|████████████████████████████| 82/82 [01:18<00:00,  1.04it/s]
Training (19843 / 25000 Steps) (loss=0.39380): 100%|████████████████████████████| 82/82 [01:20<00:00,  1.02it/s]
Training (19925 / 25000 Steps) (loss=0.37598): 100%|████████████████████████████| 82/82 [01:20<00:00,  1.02it/s]
Validate (19926 / 10 Steps): 100%|██████████████████████████████████████████████| 20/20 [00:21<00:00,  1.06s/it]
Model Was Not Saved ! Current Best Avg. Dice: 0.7684339284896851 Current Avg. Dice: 0.7675352096557617 1.04s/it]
Training (20007 / 25000 Steps) (loss=0.63732): 100%|████████████████████████████| 82/82 [01:40<00:00,  1.23s/it]
Training (20089 / 25000 Steps) (loss=0.50146): 100%|████████████████████████████| 82/82 [01:18<00:00,  1.04it/s]
Training (20171 / 25000 Steps) (loss=0.43899): 100%|████████████████████████████| 82/82 [01:20<00:00,  1.02it/s]
Training (20253 / 25000 Steps) (loss=0.43500): 100%|████████████████████████████| 82/82 [01:21<00:00,  1.01it/s]
Training (20335 / 25000 Steps) (loss=0.40099): 100%|████████████████████████████| 82/82 [01:19<00:00,  1.03it/s]
Training (20417 / 25000 Steps) (loss=0.40373): 100%|████████████████████████████| 82/82 [01:20<00:00,  1.02it/s]
Training (20499 / 25000 Steps) (loss=0.44877): 100%|████████████████████████████| 82/82 [01:20<00:00,  1.02it/s]
Validate (20500 / 10 Steps): 100%|██████████████████████████████████████████████| 20/20 [00:21<00:00,  1.06s/it]
Model Was Not Saved ! Current Best Avg. Dice: 0.7684339284896851 Current Avg. Dice: 0.7494977712631226 1.04s/it]
Training (20581 / 25000 Steps) (loss=0.39703): 100%|████████████████████████████| 82/82 [01:42<00:00,  1.25s/it]
Training (20663 / 25000 Steps) (loss=0.41915): 100%|████████████████████████████| 82/82 [01:19<00:00,  1.03it/s]
Training (20745 / 25000 Steps) (loss=0.36999): 100%|████████████████████████████| 82/82 [01:20<00:00,  1.01it/s]
Training (20827 / 25000 Steps) (loss=0.60582): 100%|████████████████████████████| 82/82 [01:20<00:00,  1.02it/s]
Training (20909 / 25000 Steps) (loss=0.44602): 100%|████████████████████████████| 82/82 [01:20<00:00,  1.02it/s]
Training (20991 / 25000 Steps) (loss=0.37750): 100%|████████████████████████████| 82/82 [01:20<00:00,  1.02it/s]
Validate (20992 / 10 Steps): 100%|██████████████████████████████████████████████| 20/20 [00:21<00:00,  1.06s/it]
Model Was Not Saved ! Current Best Avg. Dice: 0.7684339284896851 Current Avg. Dice: 0.7576168775558472 1.04s/it]
Training (21073 / 25000 Steps) (loss=0.39650): 100%|████████████████████████████| 82/82 [01:41<00:00,  1.24s/it]
Training (21155 / 25000 Steps) (loss=0.36401): 100%|████████████████████████████| 82/82 [01:21<00:00,  1.01it/s]
Training (21237 / 25000 Steps) (loss=0.41431): 100%|████████████████████████████| 82/82 [01:20<00:00,  1.02it/s]
Training (21319 / 25000 Steps) (loss=0.41907): 100%|████████████████████████████| 82/82 [01:20<00:00,  1.02it/s]
Training (21401 / 25000 Steps) (loss=0.47144): 100%|████████████████████████████| 82/82 [01:20<00:00,  1.02it/s]
Training (21483 / 25000 Steps) (loss=0.37900): 100%|████████████████████████████| 82/82 [01:20<00:00,  1.02it/s]
Validate (21484 / 10 Steps): 100%|██████████████████████████████████████████████| 20/20 [00:21<00:00,  1.06s/it]
tensor([0.9991, 0.9129, 0.6516, 0.8796, 0.8661, 0.8784, 0.8597, 0.8020, 0.6723,█| 20/20 [00:21<00:00,  1.04s/it]
        0.8590, 0.8454, 0.9220, 0.8270, 0.7504, 0.7432, 0.7185, 0.8106, 0.5833,
        0.6275, 0.9008, 0.7262, 0.8743, 0.8794, 0.8971, 0.8507, 0.8251, 0.7837,
        0.8526, 0.7682, 0.7006, 0.8249, 0.7024, 0.6646, 0.4557, 0.5981, 0.0000,
        0.0000, 0.1047, 0.0000, 0.0000, 0.6758, 0.7897, 0.7422, 0.7779, 0.7708,
        0.8058], device='cuda:0')
Model Was Saved ! Current Best Avg. Dice: 0.7699137926101685 Current Avg. Dice: 0.7699137926101685
Training (21565 / 25000 Steps) (loss=0.43271): 100%|████████████████████████████| 82/82 [01:42<00:00,  1.25s/it]
Training (21647 / 25000 Steps) (loss=0.40611): 100%|████████████████████████████| 82/82 [01:20<00:00,  1.02it/s]
Training (21729 / 25000 Steps) (loss=0.44039): 100%|████████████████████████████| 82/82 [01:20<00:00,  1.01it/s]
Training (21811 / 25000 Steps) (loss=0.42278): 100%|████████████████████████████| 82/82 [01:21<00:00,  1.01it/s]
Training (21893 / 25000 Steps) (loss=0.37071): 100%|████████████████████████████| 82/82 [01:20<00:00,  1.02it/s]
Training (21975 / 25000 Steps) (loss=0.44398): 100%|████████████████████████████| 82/82 [01:20<00:00,  1.01it/s]
Validate (21976 / 10 Steps): 100%|██████████████████████████████████████████████| 20/20 [00:21<00:00,  1.06s/it]
Model Was Not Saved ! Current Best Avg. Dice: 0.7699137926101685 Current Avg. Dice: 0.7338199019432068 1.04s/it]
Training (22057 / 25000 Steps) (loss=0.39066): 100%|████████████████████████████| 82/82 [01:40<00:00,  1.22s/it]
Training (22139 / 25000 Steps) (loss=0.34964): 100%|████████████████████████████| 82/82 [01:20<00:00,  1.02it/s]
Training (22221 / 25000 Steps) (loss=0.35660): 100%|████████████████████████████| 82/82 [01:20<00:00,  1.02it/s]
Training (22303 / 25000 Steps) (loss=0.33541): 100%|████████████████████████████| 82/82 [01:20<00:00,  1.02it/s]
Training (22385 / 25000 Steps) (loss=0.39503): 100%|████████████████████████████| 82/82 [01:20<00:00,  1.02it/s]
Training (22467 / 25000 Steps) (loss=0.40007): 100%|████████████████████████████| 82/82 [01:19<00:00,  1.04it/s]
Validate (22468 / 10 Steps): 100%|██████████████████████████████████████████████| 20/20 [00:21<00:00,  1.06s/it]
Model Was Not Saved ! Current Best Avg. Dice: 0.7699137926101685 Current Avg. Dice: 0.7203999161720276 1.04s/it]
Training (22549 / 25000 Steps) (loss=0.43691): 100%|████████████████████████████| 82/82 [01:42<00:00,  1.24s/it]
Training (22631 / 25000 Steps) (loss=0.40521): 100%|████████████████████████████| 82/82 [01:19<00:00,  1.03it/s]
Training (22713 / 25000 Steps) (loss=0.47549): 100%|████████████████████████████| 82/82 [01:21<00:00,  1.01it/s]
Training (22795 / 25000 Steps) (loss=0.43650): 100%|████████████████████████████| 82/82 [01:20<00:00,  1.02it/s]
Training (22877 / 25000 Steps) (loss=0.36880): 100%|████████████████████████████| 82/82 [01:20<00:00,  1.02it/s]
Training (22959 / 25000 Steps) (loss=0.39310): 100%|████████████████████████████| 82/82 [01:20<00:00,  1.02it/s]
Validate (22960 / 10 Steps): 100%|██████████████████████████████████████████████| 20/20 [00:21<00:00,  1.06s/it]
tensor([0.9991, 0.9030, 0.6768, 0.8452, 0.8676, 0.8739, 0.8460, 0.8305, 0.6738,█| 20/20 [00:21<00:00,  1.03s/it]
        0.8717, 0.8465, 0.9232, 0.8238, 0.7629, 0.7544, 0.7104, 0.7963, 0.6259,
        0.6285, 0.8899, 0.7339, 0.8354, 0.8662, 0.8960, 0.8526, 0.8503, 0.7958,
        0.8480, 0.7872, 0.6911, 0.8141, 0.7530, 0.6652, 0.4840, 0.6106, 0.0000,
        0.0000, 0.1054, 0.0000, 0.0000, 0.6940, 0.8139, 0.7577, 0.7693, 0.7609,
        0.8148], device='cuda:0')
Model Was Saved ! Current Best Avg. Dice: 0.7736316919326782 Current Avg. Dice: 0.7736316919326782
Training (23041 / 25000 Steps) (loss=0.35870): 100%|████████████████████████████| 82/82 [01:43<00:00,  1.26s/it]
Training (23123 / 25000 Steps) (loss=0.38009): 100%|████████████████████████████| 82/82 [01:21<00:00,  1.01it/s]
Training (23205 / 25000 Steps) (loss=0.38849): 100%|████████████████████████████| 82/82 [01:21<00:00,  1.01it/s]
Training (23287 / 25000 Steps) (loss=0.43934): 100%|████████████████████████████| 82/82 [01:20<00:00,  1.01it/s]
Training (23369 / 25000 Steps) (loss=0.35138): 100%|████████████████████████████| 82/82 [01:20<00:00,  1.02it/s]
Training (23451 / 25000 Steps) (loss=0.45063): 100%|████████████████████████████| 82/82 [01:20<00:00,  1.02it/s]
Validate (23452 / 10 Steps): 100%|██████████████████████████████████████████████| 20/20 [00:21<00:00,  1.06s/it]
tensor([0.9991, 0.9175, 0.6819, 0.8861, 0.8979, 0.8808, 0.8661, 0.8347, 0.6812,█| 20/20 [00:21<00:00,  1.04s/it]
        0.8641, 0.8411, 0.9202, 0.8365, 0.7746, 0.7562, 0.7196, 0.8183, 0.6228,
        0.6414, 0.9086, 0.7346, 0.8803, 0.9046, 0.8856, 0.8593, 0.8500, 0.7946,
        0.8628, 0.7916, 0.7065, 0.8246, 0.7203, 0.6692, 0.3171, 0.6108, 0.0000,
        0.0000, 0.1276, 0.0000, 0.0000, 0.6519, 0.8171, 0.7665, 0.8031, 0.7668,
        0.8059], device='cuda:0')
Model Was Saved ! Current Best Avg. Dice: 0.7793470621109009 Current Avg. Dice: 0.7793470621109009
Training (23533 / 25000 Steps) (loss=0.40436): 100%|████████████████████████████| 82/82 [01:43<00:00,  1.26s/it]
Training (23615 / 25000 Steps) (loss=0.42753): 100%|████████████████████████████| 82/82 [01:20<00:00,  1.02it/s]
Training (23697 / 25000 Steps) (loss=0.34397): 100%|████████████████████████████| 82/82 [01:19<00:00,  1.04it/s]
Training (23779 / 25000 Steps) (loss=0.35145): 100%|████████████████████████████| 82/82 [01:19<00:00,  1.03it/s]
Training (23861 / 25000 Steps) (loss=0.28270): 100%|████████████████████████████| 82/82 [01:21<00:00,  1.01it/s]
Training (23943 / 25000 Steps) (loss=0.37083): 100%|████████████████████████████| 82/82 [01:20<00:00,  1.02it/s]
Validate (23944 / 10 Steps): 100%|██████████████████████████████████████████████| 20/20 [00:21<00:00,  1.08s/it]
Model Was Not Saved ! Current Best Avg. Dice: 0.7793470621109009 Current Avg. Dice: 0.7747275829315186 1.04s/it]
Training (24025 / 25000 Steps) (loss=0.46739): 100%|████████████████████████████| 82/82 [01:41<00:00,  1.24s/it]
Training (24107 / 25000 Steps) (loss=0.41083): 100%|████████████████████████████| 82/82 [01:20<00:00,  1.02it/s]
Training (24189 / 25000 Steps) (loss=0.39104): 100%|████████████████████████████| 82/82 [01:20<00:00,  1.02it/s]
Training (24271 / 25000 Steps) (loss=0.37735): 100%|████████████████████████████| 82/82 [01:20<00:00,  1.01it/s]
Training (24353 / 25000 Steps) (loss=0.34732): 100%|████████████████████████████| 82/82 [01:20<00:00,  1.02it/s]
Training (24435 / 25000 Steps) (loss=0.33698): 100%|████████████████████████████| 82/82 [01:19<00:00,  1.03it/s]
Validate (24436 / 10 Steps): 100%|██████████████████████████████████████████████| 20/20 [00:21<00:00,  1.08s/it]
Model Was Not Saved ! Current Best Avg. Dice: 0.7793470621109009 Current Avg. Dice: 0.776046633720398  1.04s/it]
Training (24517 / 25000 Steps) (loss=0.41617): 100%|████████████████████████████| 82/82 [01:41<00:00,  1.24s/it]
Training (24599 / 25000 Steps) (loss=0.30623): 100%|████████████████████████████| 82/82 [01:19<00:00,  1.03it/s]
Training (24681 / 25000 Steps) (loss=0.29378): 100%|████████████████████████████| 82/82 [01:19<00:00,  1.04it/s]
Training (24763 / 25000 Steps) (loss=0.37242): 100%|████████████████████████████| 82/82 [01:19<00:00,  1.03it/s]
Training (24845 / 25000 Steps) (loss=0.28932): 100%|████████████████████████████| 82/82 [01:20<00:00,  1.02it/s]
Training (24927 / 25000 Steps) (loss=0.31773): 100%|████████████████████████████| 82/82 [01:21<00:00,  1.01it/s]
Validate (24928 / 10 Steps): 100%|██████████████████████████████████████████████| 20/20 [00:21<00:00,  1.06s/it]
Model Was Not Saved ! Current Best Avg. Dice: 0.7793470621109009 Current Avg. Dice: 0.7475478053092957 1.04s/it]
Training (25009 / 25000 Steps) (loss=0.37504): 100%|████████████████████████████| 82/82 [01:41<00:00,  1.24s/it]
train completed, best_metric: 0.7793 at iteration: 23500
Traceback (most recent call last):
  File "/home/tuna/UNETR/train.py", line 253, in <module>
    np.savetxt("dice_val_each_label_best.txt", dice_val_each_label_best.numpy())
TypeError: can't convert cuda:0 device type tensor to numpy. Use Tensor.cpu() to copy the tensor to host memory
first.
(base) tuna@kjp211fc:~/UNETR$
